(asctime)sfunctions.pyRead Eecel Files to get test data.
(asctime)sfunctions.pyRead Eecel Files to get test data.
(asctime)sfunctions.pyRead Eecel Files to get test data.
(asctime)sfunctions.pyRead Eecel Files to get test data.
(asctime)sfunctions.pyRead Eecel Files to get test data.
(asctime)sfunctions.pyRead Eecel Files to get test data.
(asctime)sfunctions.pyRead Eecel Files to get test data.
(asctime)sfunctions.pyRead Eecel Files to get test data.
(asctime)sfunctions.pyRead Eecel Files to get test data.
(asctime)sfunctions.pyRead Eecel Files to get test data.
(asctime)sfunctions.pyRead Eecel Files to get test data.
(asctime)sfunctions.pyRead Eecel Files to get test data.
(asctime)sfunctions.pyRead Eecel Files to get test data.
(asctime)sfunctions.pyRead Eecel Files to get test data.
(asctime)sfunctions.pyRead Eecel Files to get test data.
(asctime)sfunctions.pyRead Eecel Files to get test data.
(asctime)sfunctions.pyRead Eecel Files to get test data.
(asctime)sfunctions.pyRead Eecel Files to get test data.
(asctime)sfunctions.pyRead Eecel Files to get test data.
(asctime)sfunctions.pyRead Eecel Files to get test data.
(asctime)sfunctions.pyRead Eecel Files to get test data.
(asctime)sfunctions.pyRead Eecel Files to get test data.
(asctime)sfunctions.pyBegin to search tickets
(asctime)sfunctions.pyRead Eecel Files to get test data.
(asctime)sfunctions.pyBegin to search tickets
(asctime)sfunctions.pyRead Eecel Files to get test data.
(asctime)sfunctions.pyBegin to search tickets
(asctime)sfunctions.pyRead Eecel Files to get test data.
(asctime)sfunctions.pyBegin to search tickets
(asctime)sfunctions.pyRead Eecel Files to get test data.
(asctime)sfunctions.pyBegin to search tickets
(asctime)sfunctions.pyRead Eecel Files to get test data.
(asctime)sfunctions.pyBegin to search tickets
(asctime)sfunctions.pyRead Eecel Files to get test data.
(asctime)sfunctions.pyBegin to search tickets
(asctime)sfunctions.pybegin to get driver object
(asctime)sfunctions.pyRead Eecel Files to get test data.
(asctime)sfunctions.pyBegin to search tickets
(asctime)sfunctions.pybegin to get driver object
(asctime)sfunctions.pyRead Eecel Files to get test data.
(asctime)sfunctions.pyBegin to search tickets
(asctime)sfunctions.pybegin to get driver object
(asctime)sfunctions.pyRead Eecel Files to get test data.
(asctime)sfunctions.pyBegin to search tickets
(asctime)sfunctions.pybegin to get driver object
(asctime)sfunctions.pyRead Eecel Files to get test data.
(asctime)sfunctions.pyBegin to search tickets
(asctime)sfunctions.pybegin to get driver object
(asctime)sfunctions.pyRead Eecel Files to get test data.
(asctime)sfunctions.pyBegin to search tickets
(asctime)sfunctions.pybegin to get driver object
(asctime)sfunctions.pyRead Eecel Files to get test data.
(asctime)sfunctions.pyBegin to search tickets
(asctime)sfunctions.pybegin to get driver object
(asctime)sfunctions.pyRead Eecel Files to get test data.
(asctime)sfunctions.pyBegin to search tickets
(asctime)sconnectionpool.pyRetrying (Retry(total=2, connect=None, read=None, redirect=None, status=None)) after connection broken by 'NewConnectionError('<urllib3.connection.HTTPConnection object at 0x000000000413BEB0>: Failed to establish a new connection: [WinError 10061] 由于目标计算机积极拒绝，无法连接。')': /session/69d373d7341cc5a17719518343e88d6c/url
(asctime)sconnectionpool.pyRetrying (Retry(total=1, connect=None, read=None, redirect=None, status=None)) after connection broken by 'NewConnectionError('<urllib3.connection.HTTPConnection object at 0x00000000042C99A0>: Failed to establish a new connection: [WinError 10061] 由于目标计算机积极拒绝，无法连接。')': /session/69d373d7341cc5a17719518343e88d6c/url
(asctime)sconnectionpool.pyRetrying (Retry(total=0, connect=None, read=None, redirect=None, status=None)) after connection broken by 'NewConnectionError('<urllib3.connection.HTTPConnection object at 0x000000000429FFA0>: Failed to establish a new connection: [WinError 10061] 由于目标计算机积极拒绝，无法连接。')': /session/69d373d7341cc5a17719518343e88d6c/url
(asctime)sfunctions.pyRead Eecel Files to get test data.
(asctime)sfunctions.pyBegin to search tickets
(asctime)sfunctions.pybegin to get driver object
(asctime)sfunctions.pyRead Eecel Files to get test data.
(asctime)sfunctions.pyBegin to search tickets
(asctime)sconnectionpool.pyRetrying (Retry(total=2, connect=None, read=None, redirect=None, status=None)) after connection broken by 'NewConnectionError('<urllib3.connection.HTTPConnection object at 0x00000000040BBEB0>: Failed to establish a new connection: [WinError 10061] 由于目标计算机积极拒绝，无法连接。')': /session/d49c195b3e11edf3b2bdc014fbd62636/url
(asctime)sconnectionpool.pyRetrying (Retry(total=1, connect=None, read=None, redirect=None, status=None)) after connection broken by 'NewConnectionError('<urllib3.connection.HTTPConnection object at 0x00000000042799A0>: Failed to establish a new connection: [WinError 10061] 由于目标计算机积极拒绝，无法连接。')': /session/d49c195b3e11edf3b2bdc014fbd62636/url
(asctime)sconnectionpool.pyRetrying (Retry(total=0, connect=None, read=None, redirect=None, status=None)) after connection broken by 'NewConnectionError('<urllib3.connection.HTTPConnection object at 0x000000000424FFA0>: Failed to establish a new connection: [WinError 10061] 由于目标计算机积极拒绝，无法连接。')': /session/d49c195b3e11edf3b2bdc014fbd62636/url
(asctime)sfunctions.pyRead Eecel Files to get test data.
(asctime)sfunctions.pyBegin to search tickets
(asctime)sfunctions.pybegin to get driver object
(asctime)sfunctions.pyRead Eecel Files to get test data.
(asctime)sfunctions.pyBegin to search tickets
(asctime)sfunctions.pybegin to get driver object
(asctime)sfunctions.pyRead Eecel Files to get test data.
(asctime)sfunctions.pyBegin to search tickets
(asctime)sfunctions.pybegin to get driver object
(asctime)sfunctions.pyRead Eecel Files to get test data.
(asctime)sfunctions.pyBegin to search tickets
(asctime)sconnectionpool.pyRetrying (Retry(total=2, connect=None, read=None, redirect=None, status=None)) after connection broken by 'NewConnectionError('<urllib3.connection.HTTPConnection object at 0x000000000409BEB0>: Failed to establish a new connection: [WinError 10061] 由于目标计算机积极拒绝，无法连接。')': /session/d9bad49661115949ee27a7a8f155a8a6/url
(asctime)sconnectionpool.pyRetrying (Retry(total=1, connect=None, read=None, redirect=None, status=None)) after connection broken by 'NewConnectionError('<urllib3.connection.HTTPConnection object at 0x00000000042289A0>: Failed to establish a new connection: [WinError 10061] 由于目标计算机积极拒绝，无法连接。')': /session/d9bad49661115949ee27a7a8f155a8a6/url
(asctime)sconnectionpool.pyRetrying (Retry(total=0, connect=None, read=None, redirect=None, status=None)) after connection broken by 'NewConnectionError('<urllib3.connection.HTTPConnection object at 0x00000000041FFFA0>: Failed to establish a new connection: [WinError 10061] 由于目标计算机积极拒绝，无法连接。')': /session/d9bad49661115949ee27a7a8f155a8a6/url
(asctime)sfunctions.pyRead Eecel Files to get test data.
(asctime)sfunctions.pyBegin to search tickets
(asctime)sfunctions.pybegin to get driver object
(asctime)sfunctions.pyRead Eecel Files to get test data.
(asctime)sfunctions.pyBegin to search tickets
(asctime)sfunctions.pybegin to get driver object
(asctime)sfunctions.pyRead Eecel Files to get test data.
(asctime)sfunctions.pyBegin to search tickets
(asctime)sfunctions.pybegin to get driver object
(asctime)sfunctions.pyRead Eecel Files to get test data.
(asctime)sfunctions.pyBegin to search tickets
(asctime)sfunctions.pyRead Eecel Files to get test data.
(asctime)sfunctions.pyBegin to search tickets
(asctime)sfunctions.pybegin to get driver object
(asctime)sfunctions.pyRead Eecel Files to get test data.
(asctime)sfunctions.pyBegin to search tickets
(asctime)sfunctions.pyRead Eecel Files to get test data.
(asctime)sfunctions.pyBegin to search tickets
(asctime)sfunctions.pyRead Eecel Files to get test data.
(asctime)sfunctions.pyBegin to search tickets
(asctime)sfunctions.pyRead Eecel Files to get test data.
(asctime)sfunctions.pyBegin to search tickets
(asctime)sfunctions.pybegin to get driver object
(asctime)sfunctions.pyRead Eecel Files to get test data.
(asctime)sfunctions.pyBegin to search tickets
(asctime)sfunctions.pybegin to get driver object
(asctime)sfunctions.pyRead Eecel Files to get test data.
(asctime)sfunctions.pyBegin to search tickets
(asctime)sfunctions.pyRead Eecel Files to get test data.
(asctime)sfunctions.pyBegin to search tickets
(asctime)sfunctions.pybegin to get driver object
(asctime)sfunctions.pyRead Eecel Files to get test data.
(asctime)sfunctions.pyBegin to search tickets
(asctime)sfunctions.pybegin to get driver object
(asctime)sfunctions.pyRead Eecel Files to get test data.
(asctime)sfunctions.pyBegin to search tickets
(asctime)sfunctions.pybegin to get driver object
(asctime)sfunctions.pyRead Eecel Files to get test data.
(asctime)sfunctions.pyBegin to search tickets
(asctime)sfunctions.pybegin to get driver object
(asctime)sfunctions.pyRead Eecel Files to get test data.
(asctime)sfunctions.pyBegin to search tickets
(asctime)sfunctions.pybegin to get driver object
(asctime)sfunctions.pyRead Eecel Files to get test data.
(asctime)sfunctions.pyBegin to search tickets
(asctime)sfunctions.pybegin to get driver object
(asctime)sfunctions.pyRead Eecel Files to get test data.
(asctime)sfunctions.pyBegin to search tickets
(asctime)sfunctions.pybegin to get driver object
(asctime)sfunctions.pyRead Eecel Files to get test data.
(asctime)sfunctions.pyBegin to search tickets
(asctime)sfunctions.pybegin to get driver object
(asctime)sfunctions.pyRead Eecel Files to get test data.
(asctime)sfunctions.pyBegin to search tickets
(asctime)sfunctions.pyRead Eecel Files to get test data.
(asctime)sfunctions.pyBegin to search tickets
(asctime)sfunctions.pybegin to get driver object
(asctime)sfunctions.pyRead Eecel Files to get test data.
(asctime)sfunctions.pyBegin to search tickets
(asctime)sconnectionpool.pyRetrying (Retry(total=2, connect=None, read=None, redirect=None, status=None)) after connection broken by 'NewConnectionError('<urllib3.connection.HTTPConnection object at 0x0000000004247070>: Failed to establish a new connection: [WinError 10061] 由于目标计算机积极拒绝，无法连接。')': /session/eaafb4a1cc33fbe25a2a082eb0a23ad0/url
(asctime)sconnectionpool.pyRetrying (Retry(total=1, connect=None, read=None, redirect=None, status=None)) after connection broken by 'NewConnectionError('<urllib3.connection.HTTPConnection object at 0x00000000042B7AF0>: Failed to establish a new connection: [WinError 10061] 由于目标计算机积极拒绝，无法连接。')': /session/eaafb4a1cc33fbe25a2a082eb0a23ad0/url
(asctime)sconnectionpool.pyRetrying (Retry(total=0, connect=None, read=None, redirect=None, status=None)) after connection broken by 'NewConnectionError('<urllib3.connection.HTTPConnection object at 0x00000000042917C0>: Failed to establish a new connection: [WinError 10061] 由于目标计算机积极拒绝，无法连接。')': /session/eaafb4a1cc33fbe25a2a082eb0a23ad0/url
(asctime)sconnectionpool.pyRetrying (Retry(total=2, connect=None, read=None, redirect=None, status=None)) after connection broken by 'NewConnectionError('<urllib3.connection.HTTPConnection object at 0x0000000004247850>: Failed to establish a new connection: [WinError 10061] 由于目标计算机积极拒绝，无法连接。')': /session/eaafb4a1cc33fbe25a2a082eb0a23ad0
(asctime)sfunctions.pyRead Eecel Files to get test data.
(asctime)sfunctions.pyBegin to search tickets
(asctime)sfunctions.pybegin to get driver object
(asctime)sfunctions.pyRead Eecel Files to get test data.
(asctime)sfunctions.pyBegin to search tickets
(asctime)sconnectionpool.pyRetrying (Retry(total=2, connect=None, read=None, redirect=None, status=None)) after connection broken by 'NewConnectionError('<urllib3.connection.HTTPConnection object at 0x00000000040B7070>: Failed to establish a new connection: [WinError 10061] 由于目标计算机积极拒绝，无法连接。')': /session/0a078166d9829ed742634559baf231fb/url
(asctime)sconnectionpool.pyRetrying (Retry(total=1, connect=None, read=None, redirect=None, status=None)) after connection broken by 'NewConnectionError('<urllib3.connection.HTTPConnection object at 0x0000000004127AF0>: Failed to establish a new connection: [WinError 10061] 由于目标计算机积极拒绝，无法连接。')': /session/0a078166d9829ed742634559baf231fb/url
(asctime)sconnectionpool.pyRetrying (Retry(total=0, connect=None, read=None, redirect=None, status=None)) after connection broken by 'NewConnectionError('<urllib3.connection.HTTPConnection object at 0x0000000004101610>: Failed to establish a new connection: [WinError 10061] 由于目标计算机积极拒绝，无法连接。')': /session/0a078166d9829ed742634559baf231fb/url
(asctime)sconnectionpool.pyRetrying (Retry(total=2, connect=None, read=None, redirect=None, status=None)) after connection broken by 'NewConnectionError('<urllib3.connection.HTTPConnection object at 0x00000000040B7B80>: Failed to establish a new connection: [WinError 10061] 由于目标计算机积极拒绝，无法连接。')': /session/0a078166d9829ed742634559baf231fb
(asctime)sconnectionpool.pyRetrying (Retry(total=1, connect=None, read=None, redirect=None, status=None)) after connection broken by 'NewConnectionError('<urllib3.connection.HTTPConnection object at 0x0000000004127100>: Failed to establish a new connection: [WinError 10061] 由于目标计算机积极拒绝，无法连接。')': /session/0a078166d9829ed742634559baf231fb
(asctime)sconnectionpool.pyRetrying (Retry(total=0, connect=None, read=None, redirect=None, status=None)) after connection broken by 'NewConnectionError('<urllib3.connection.HTTPConnection object at 0x0000000004127820>: Failed to establish a new connection: [WinError 10061] 由于目标计算机积极拒绝，无法连接。')': /session/0a078166d9829ed742634559baf231fb
(asctime)sfunctions.pyRead Eecel Files to get test data.
(asctime)sfunctions.pyBegin to search tickets
(asctime)sfunctions.pybegin to get driver object
(asctime)sfunctions.pyRead Eecel Files to get test data.
(asctime)sfunctions.pyBegin to search tickets
(asctime)sconnectionpool.pyRetrying (Retry(total=2, connect=None, read=None, redirect=None, status=None)) after connection broken by 'NewConnectionError('<urllib3.connection.HTTPConnection object at 0x0000000004227070>: Failed to establish a new connection: [WinError 10061] 由于目标计算机积极拒绝，无法连接。')': /session/7580da8dad74ea8afadc263dce4c5e1b/url
(asctime)sconnectionpool.pyRetrying (Retry(total=1, connect=None, read=None, redirect=None, status=None)) after connection broken by 'NewConnectionError('<urllib3.connection.HTTPConnection object at 0x0000000004296AF0>: Failed to establish a new connection: [WinError 10061] 由于目标计算机积极拒绝，无法连接。')': /session/7580da8dad74ea8afadc263dce4c5e1b/url
(asctime)sconnectionpool.pyRetrying (Retry(total=0, connect=None, read=None, redirect=None, status=None)) after connection broken by 'NewConnectionError('<urllib3.connection.HTTPConnection object at 0x00000000042710D0>: Failed to establish a new connection: [WinError 10061] 由于目标计算机积极拒绝，无法连接。')': /session/7580da8dad74ea8afadc263dce4c5e1b/url
(asctime)sconnectionpool.pyRetrying (Retry(total=2, connect=None, read=None, redirect=None, status=None)) after connection broken by 'NewConnectionError('<urllib3.connection.HTTPConnection object at 0x0000000004227970>: Failed to establish a new connection: [WinError 10061] 由于目标计算机积极拒绝，无法连接。')': /session/7580da8dad74ea8afadc263dce4c5e1b
(asctime)sconnectionpool.pyRetrying (Retry(total=1, connect=None, read=None, redirect=None, status=None)) after connection broken by 'NewConnectionError('<urllib3.connection.HTTPConnection object at 0x0000000004296100>: Failed to establish a new connection: [WinError 10061] 由于目标计算机积极拒绝，无法连接。')': /session/7580da8dad74ea8afadc263dce4c5e1b
(asctime)sconnectionpool.pyRetrying (Retry(total=0, connect=None, read=None, redirect=None, status=None)) after connection broken by 'NewConnectionError('<urllib3.connection.HTTPConnection object at 0x0000000004296340>: Failed to establish a new connection: [WinError 10061] 由于目标计算机积极拒绝，无法连接。')': /session/7580da8dad74ea8afadc263dce4c5e1b
(asctime)sfunctions.pyRead Eecel Files to get test data.
(asctime)sfunctions.pyBegin to search tickets
(asctime)sfunctions.pybegin to get driver object
(asctime)sfunctions.pyRead Eecel Files to get test data.
(asctime)sfunctions.pyBegin to search tickets
(asctime)sconnectionpool.pyRetrying (Retry(total=2, connect=None, read=None, redirect=None, status=None)) after connection broken by 'NewConnectionError('<urllib3.connection.HTTPConnection object at 0x00000000040B7070>: Failed to establish a new connection: [WinError 10061] 由于目标计算机积极拒绝，无法连接。')': /session/cf58ab178214d43dc29ff9d27d55221c/url
(asctime)sconnectionpool.pyRetrying (Retry(total=1, connect=None, read=None, redirect=None, status=None)) after connection broken by 'NewConnectionError('<urllib3.connection.HTTPConnection object at 0x0000000004237AF0>: Failed to establish a new connection: [WinError 10061] 由于目标计算机积极拒绝，无法连接。')': /session/cf58ab178214d43dc29ff9d27d55221c/url
(asctime)sconnectionpool.pyRetrying (Retry(total=0, connect=None, read=None, redirect=None, status=None)) after connection broken by 'NewConnectionError('<urllib3.connection.HTTPConnection object at 0x00000000042113A0>: Failed to establish a new connection: [WinError 10061] 由于目标计算机积极拒绝，无法连接。')': /session/cf58ab178214d43dc29ff9d27d55221c/url
(asctime)sfunctions.pyRead Eecel Files to get test data.
(asctime)sfunctions.pyBegin to search tickets
(asctime)sfunctions.pybegin to get driver object
(asctime)sfunctions.pyRead Eecel Files to get test data.
(asctime)sfunctions.pyBegin to search tickets
(asctime)sfunctions.pybegin to get driver object
(asctime)sfunctions.pyRead Eecel Files to get test data.
(asctime)sfunctions.pyBegin to search tickets
